[2025-07-30 05:39:08] Acceso: cliente/listar desde ::1
[2025-07-30 05:40:06] Acceso: cliente/listar desde ::1
[2025-07-30 05:44:17] Acceso: cliente/listar desde ::1
[2025-07-30 05:44:41] Acceso: cliente/crear desde ::1
[2025-07-30 05:44:52] Acceso: cliente/crear desde ::1
[2025-07-30 05:44:53] Acceso: cliente/crear desde ::1
[2025-07-30 05:44:54] Acceso: cliente/crear desde ::1
[2025-07-30 05:44:54] Acceso: cliente/crear desde ::1
[2025-07-30 05:44:54] Acceso: cliente/crear desde ::1
[2025-07-30 05:44:57] Acceso: cliente/crear desde ::1
[2025-07-30 05:46:22] Acceso: cliente/actualizar desde ::1
[2025-07-30 05:46:38] Acceso: cliente/crear desde ::1
[2025-07-30 05:47:11] Acceso: cliente/actualizar desde ::1
[2025-07-30 05:47:47] Acceso: cliente/listar desde ::1
[2025-07-30 05:48:03] Acceso: cliente/crear desde ::1
[2025-07-30 05:50:04] Acceso: cliente/listar desde ::1
[2025-07-30 05:50:07] Acceso: cliente/listar desde ::1
[2025-07-30 05:50:20] Acceso: cliente/crear desde ::1
[2025-07-30 05:50:36] Acceso: cliente/actualizar desde ::1
[2025-07-30 05:50:50] Acceso: cliente/eliminar desde ::1
[2025-07-30 05:51:18] Acceso: cliente/listar desde ::1
[2025-07-30 05:51:35] Acceso: cliente/crear desde ::1
[2025-07-30 05:57:56] Acceso: cliente/crear desde ::1
[2025-07-30 05:58:43] Acceso: cliente/crear desde ::1
[2025-07-30 06:07:33] Acceso: cliente/listar desde ::1
[2025-07-30 06:07:35] Acceso: cliente/crear desde ::1
[2025-07-30 06:07:37] Acceso: cliente/actualizar desde ::1
[2025-07-30 06:07:38] Acceso: cliente/eliminar desde ::1
[2025-07-30 06:07:39] Acceso: cliente/listar desde ::1
[2025-07-30 06:08:17] Acceso: cliente/crear desde ::1
[2025-07-30 06:08:19] Acceso: cliente/actualizar desde ::1
[2025-07-30 06:08:20] Acceso: cliente/crear desde ::1
[2025-07-30 06:08:20] Acceso: cliente/listar desde ::1
[2025-07-30 06:08:21] Acceso: cliente/eliminar desde ::1
[2025-07-30 06:08:23] Acceso: cliente/actualizar desde ::1
[2025-07-30 06:08:23] Acceso: cliente/crear desde ::1
[2025-07-30 06:08:24] Acceso: cliente/listar desde ::1
[2025-07-30 06:08:51] Acceso: cliente/listar desde ::1
[2025-07-30 06:08:51] Acceso: cliente/listar desde ::1
[2025-07-30 06:08:52] Acceso: cliente/crear desde ::1
[2025-07-30 06:09:32] Acceso: cliente/listar desde ::1
[2025-07-30 06:09:45] Acceso: cliente/crear desde ::1
[2025-07-30 06:09:50] Acceso: cliente/actualizar desde ::1
[2025-07-30 06:09:51] Acceso: cliente/eliminar desde ::1
[2025-07-30 06:09:52] Acceso: cliente/eliminar desde ::1
[2025-07-30 06:09:52] Acceso: cliente/eliminar desde ::1
[2025-07-30 06:09:52] Acceso: cliente/eliminar desde ::1
[2025-07-30 06:11:02] Acceso: cliente/listar desde ::1
[2025-07-30 06:13:51] Acceso: cliente/listar desde ::1
[2025-07-30 06:14:06] Acceso: cliente/crear desde ::1
[2025-07-30 06:14:11] Acceso: cliente/listar desde ::1
[2025-07-30 06:14:58] Acceso: cliente/crear desde ::1
[2025-07-30 06:15:07] Acceso: cliente/listar desde ::1
[2025-07-30 06:15:59] Acceso: cliente/crear desde ::1
[2025-07-30 06:16:22] Acceso: cliente/crear desde ::1
[2025-07-30 06:16:33] Acceso: cuenta/listar desde ::1
[2025-07-30 06:16:50] Acceso: cuenta/crear desde ::1
[2025-07-30 06:17:15] Acceso: cliente/listar desde ::1
[2025-07-30 06:18:11] Acceso: cliente/crear desde ::1
[2025-07-30 06:19:05] Acceso: cliente/listar desde ::1
[2025-07-30 06:19:19] Acceso: cliente/listar desde ::1
[2025-07-30 06:19:37] Acceso: cliente/crear desde ::1
[2025-07-30 06:19:40] Acceso: cliente/listar desde ::1
[2025-07-30 06:20:00] Acceso: cliente/crear desde ::1
[2025-07-30 06:20:06] Acceso: cliente/crear desde ::1
[2025-07-30 06:20:12] Acceso: cliente/listar desde ::1
[2025-07-30 06:20:17] Acceso: cliente/crear desde ::1
[2025-07-30 06:20:34] Acceso: cliente/crear desde ::1
[2025-07-30 06:20:40] Acceso: cliente/listar desde ::1
[2025-07-30 06:20:46] Acceso: cliente/listar desde ::1
[2025-07-30 06:21:04] Acceso: cliente/crear desde ::1
[2025-07-30 06:21:11] Acceso: cliente/listar desde ::1
[2025-07-30 06:24:07] Acceso: cliente/listar desde ::1
[2025-07-30 06:24:38] Acceso: cliente/crear desde ::1
[2025-07-30 06:25:31] Acceso: cliente/listar desde ::1
[2025-07-30 06:25:51] Acceso: cliente/listar desde ::1
[2025-07-30 06:26:07] Acceso: cliente/listar desde ::1
[2025-07-30 06:26:10] Acceso: cliente/crear desde ::1
[2025-07-30 06:26:18] Acceso: cliente/listar desde ::1
[2025-07-30 06:26:19] Acceso: cliente/listar desde ::1
[2025-07-30 06:26:19] Acceso: cliente/listar desde ::1
[2025-07-30 06:26:34] Acceso: cliente/listar desde ::1
[2025-07-30 06:27:25] Acceso: cliente/listar desde ::1
[2025-07-30 06:27:50] Acceso: cliente/crear desde ::1
[2025-07-30 06:29:14] Acceso: cliente/listar desde ::1
[2025-07-30 06:29:14] Acceso: cliente/listar desde ::1
[2025-07-30 06:29:14] Acceso: cliente/listar desde ::1
[2025-07-30 06:29:15] Acceso: cliente/listar desde ::1
[2025-07-30 06:29:15] Acceso: cliente/listar desde ::1
[2025-07-30 06:29:15] Acceso: cliente/listar desde ::1
[2025-07-30 06:29:15] Acceso: cliente/listar desde ::1
[2025-07-30 06:29:23] Acceso: cliente/listar desde ::1
[2025-07-30 06:29:57] Acceso: cliente/crear desde ::1
[2025-07-30 06:31:43] Acceso: cliente/listar desde ::1
[2025-07-30 06:32:09] Acceso: cliente/crear desde ::1
[2025-07-30 06:33:19] Acceso: cliente/listar desde ::1
[2025-07-30 06:34:58] Acceso: cliente/listar desde ::1
[2025-07-30 06:35:01] Acceso: cuenta/listar desde ::1
[2025-07-30 06:35:12] Acceso: prestamo/listar desde ::1
[2025-07-30 06:35:17] Acceso: prestamo/listar desde ::1
[2025-07-30 06:35:27] Acceso: cuenta/listar desde ::1
[2025-07-30 06:37:02] Acceso: prestamo/listar desde ::1
[2025-07-30 06:37:08] Acceso: cliente/listar desde ::1
[2025-07-30 06:37:31] Acceso: cliente/listar desde ::1
[2025-07-30 06:37:34] Acceso: cliente/crear desde ::1
[2025-07-30 06:37:40] Acceso: cliente/listar desde ::1
[2025-07-30 06:37:57] Acceso: cliente/crear desde ::1
[2025-07-30 06:39:49] Acceso: cliente/listar desde ::1
[2025-07-30 06:40:22] Acceso: cliente/crear desde ::1
[2025-07-30 06:40:26] Acceso: cliente/listar desde ::1
[2025-07-30 06:40:46] Acceso: cuenta/listar desde ::1
[2025-07-30 06:40:56] Acceso: tarjeta/listar desde ::1
[2025-07-30 07:20:40] Acceso: cliente/listar desde ::1
[2025-07-30 18:44:56] Acceso: cliente/listar desde ::1
[2025-07-30 22:30:52] Acceso: cliente/crear desde ::1
[2025-07-30 22:31:26] Acceso: cliente/listar desde ::1
[2025-07-30 22:35:46] Acceso: cliente/listar desde ::1
[2025-07-30 22:35:52] Acceso: cliente/listar desde ::1
[2025-07-30 22:35:55] Acceso: cliente/listar desde ::1
[2025-07-30 22:36:00] Acceso: cuenta/listar desde ::1
[2025-07-30 22:48:34] Acceso: cuenta/listar desde ::1
[2025-07-30 22:48:53] Acceso: cliente/listar desde ::1
[2025-07-30 22:48:58] Acceso: empleado/listar desde ::1
[2025-07-30 22:49:27] Acceso: cliente/listar desde ::1
[2025-07-30 22:50:06] Acceso: cliente/listar desde ::1
[2025-07-30 22:50:35] Acceso: cliente/crear desde ::1
[2025-07-30 22:50:44] Acceso: cuenta/crear desde ::1
[2025-07-30 22:50:48] Acceso: cuenta/listar desde ::1
